# JRE version: Java(TM) SE Runtime Environment (7.0_79-b15) (build 1.7.0_79-b15)
# Java VM: Java HotSpot(TM) 64-Bit Server VM (24.79-b02 mixed mode windows-amd64 compressed oops)
Heap
 PSYoungGen      total 202752K, used 76077K [0x00000000eaa80000, 0x00000000f7800000, 0x0000000100000000)
  eden space 195072K, 38% used [0x00000000eaa80000,0x00000000ef4cb5c0,0x00000000f6900000)
  from space 7680K, 0% used [0x00000000f6900000,0x00000000f6900000,0x00000000f7080000)
  to   space 3584K, 0% used [0x00000000f7480000,0x00000000f7480000,0x00000000f7800000)
 ParOldGen       total 255488K, used 62413K [0x00000000c0000000, 0x00000000cf980000, 0x00000000eaa80000)
  object space 255488K, 24% used [0x00000000c0000000,0x00000000c3cf36f0,0x00000000cf980000)
 PSPermGen       total 44544K, used 25628K [0x00000000bae00000, 0x00000000bd980000, 0x00000000c0000000)
  object space 44544K, 57% used [0x00000000bae00000,0x00000000bc7072a0,0x00000000bd980000)
GC Heap History (10 events):
Event: 60.189 GC heap before
{Heap before GC invocations=22 (full 6):
 PSYoungGen      total 182272K, used 3177K [0x00000000eaa80000, 0x00000000f7b00000, 0x0000000100000000)
  eden space 174592K, 0% used [0x00000000eaa80000,0x00000000eaa80000,0x00000000f5500000)
  from space 7680K, 41% used [0x00000000f5c80000,0x00000000f5f9a7f8,0x00000000f6400000)
  to   space 7680K, 0% used [0x00000000f5500000,0x00000000f5500000,0x00000000f5c80000)
 ParOldGen       total 200704K, used 135668K [0x00000000c0000000, 0x00000000cc400000, 0x00000000eaa80000)
  object space 200704K, 67% used [0x00000000c0000000,0x00000000c847d1f8,0x00000000cc400000)
 PSPermGen       total 48640K, used 25499K [0x00000000bae00000, 0x00000000bdd80000, 0x00000000c0000000)
  object space 48640K, 52% used [0x00000000bae00000,0x00000000bc6e6cc0,0x00000000bdd80000)
Event: 60.260 GC heap after
Heap after GC invocations=22 (full 6):
 PSYoungGen      total 182272K, used 0K [0x00000000eaa80000, 0x00000000f7b00000, 0x0000000100000000)
  eden space 174592K, 0% used [0x00000000eaa80000,0x00000000eaa80000,0x00000000f5500000)
  from space 7680K, 0% used [0x00000000f5c80000,0x00000000f5c80000,0x00000000f6400000)
  to   space 7680K, 0% used [0x00000000f5500000,0x00000000f5500000,0x00000000f5c80000)
 ParOldGen       total 231936K, used 62332K [0x00000000c0000000, 0x00000000ce280000, 0x00000000eaa80000)
  object space 231936K, 26% used [0x00000000c0000000,0x00000000c3cdf2b8,0x00000000ce280000)
 PSPermGen       total 47104K, used 25498K [0x00000000bae00000, 0x00000000bdc00000, 0x00000000c0000000)
  object space 47104K, 54% used [0x00000000bae00000,0x00000000bc6e6a48,0x00000000bdc00000)
}
Event: 65.171 GC heap before
{Heap before GC invocations=23 (full 6):
 PSYoungGen      total 182272K, used 174592K [0x00000000eaa80000, 0x00000000f7b00000, 0x0000000100000000)
  eden space 174592K, 100% used [0x00000000eaa80000,0x00000000f5500000,0x00000000f5500000)
  from space 7680K, 0% used [0x00000000f5c80000,0x00000000f5c80000,0x00000000f6400000)
  to   space 7680K, 0% used [0x00000000f5500000,0x00000000f5500000,0x00000000f5c80000)
 ParOldGen       total 231936K, used 62332K [0x00000000c0000000, 0x00000000ce280000, 0x00000000eaa80000)
  object space 231936K, 26% used [0x00000000c0000000,0x00000000c3cdf2b8,0x00000000ce280000)
 PSPermGen       total 47104K, used 25575K [0x00000000bae00000, 0x00000000bdc00000, 0x00000000c0000000)
  object space 47104K, 54% used [0x00000000bae00000,0x00000000bc6f9d30,0x00000000bdc00000)
Event: 65.182 GC heap after
Heap after GC invocations=23 (full 6):
 PSYoungGen      total 182272K, used 224K [0x00000000eaa80000, 0x00000000f7c00000, 0x0000000100000000)
  eden space 174592K, 0% used [0x00000000eaa80000,0x00000000eaa80000,0x00000000f5500000)
  from space 7680K, 2% used [0x00000000f5500000,0x00000000f5538010,0x00000000f5c80000)
  to   space 7680K, 0% used [0x00000000f7480000,0x00000000f7480000,0x00000000f7c00000)
 ParOldGen       total 231936K, used 104317K [0x00000000c0000000, 0x00000000ce280000, 0x00000000eaa80000)
  object space 231936K, 44% used [0x00000000c0000000,0x00000000c65df588,0x00000000ce280000)
 PSPermGen       total 47104K, used 25575K [0x00000000bae00000, 0x00000000bdc00000, 0x00000000c0000000)
  object space 47104K, 54% used [0x00000000bae00000,0x00000000bc6f9d30,0x00000000bdc00000)
}
Event: 71.088 GC heap before
{Heap before GC invocations=24 (full 6):
 PSYoungGen      total 182272K, used 165318K [0x00000000eaa80000, 0x00000000f7c00000, 0x0000000100000000)
  eden space 174592K, 94% used [0x00000000eaa80000,0x00000000f4bb9968,0x00000000f5500000)
  from space 7680K, 2% used [0x00000000f5500000,0x00000000f5538010,0x00000000f5c80000)
  to   space 7680K, 0% used [0x00000000f7480000,0x00000000f7480000,0x00000000f7c00000)
 ParOldGen       total 231936K, used 104317K [0x00000000c0000000, 0x00000000ce280000, 0x00000000eaa80000)
  object space 231936K, 44% used [0x00000000c0000000,0x00000000c65df588,0x00000000ce280000)
 PSPermGen       total 47104K, used 25617K [0x00000000bae00000, 0x00000000bdc00000, 0x00000000c0000000)
  object space 47104K, 54% used [0x00000000bae00000,0x00000000bc704748,0x00000000bdc00000)
Event: 71.094 GC heap after
Heap after GC invocations=24 (full 6):
 PSYoungGen      total 198656K, used 192K [0x00000000eaa80000, 0x00000000f7800000, 0x0000000100000000)
  eden space 195072K, 0% used [0x00000000eaa80000,0x00000000eaa80000,0x00000000f6900000)
  from space 3584K, 5% used [0x00000000f7480000,0x00000000f74b0010,0x00000000f7800000)
  to   space 7680K, 0% used [0x00000000f6900000,0x00000000f6900000,0x00000000f7080000)
 ParOldGen       total 231936K, used 125221K [0x00000000c0000000, 0x00000000ce280000, 0x00000000eaa80000)
  object space 231936K, 53% used [0x00000000c0000000,0x00000000c7a49648,0x00000000ce280000)
 PSPermGen       total 47104K, used 25617K [0x00000000bae00000, 0x00000000bdc00000, 0x00000000c0000000)
  object space 47104K, 54% used [0x00000000bae00000,0x00000000bc704748,0x00000000bdc00000)
}
Event: 71.962 GC heap before
{Heap before GC invocations=25 (full 6):
 PSYoungGen      total 198656K, used 195264K [0x00000000eaa80000, 0x00000000f7800000, 0x0000000100000000)
  eden space 195072K, 100% used [0x00000000eaa80000,0x00000000f6900000,0x00000000f6900000)
  from space 3584K, 5% used [0x00000000f7480000,0x00000000f74b0010,0x00000000f7800000)
  to   space 7680K, 0% used [0x00000000f6900000,0x00000000f6900000,0x00000000f7080000)
 ParOldGen       total 231936K, used 125221K [0x00000000c0000000, 0x00000000ce280000, 0x00000000eaa80000)
  object space 231936K, 53% used [0x00000000c0000000,0x00000000c7a49648,0x00000000ce280000)
 PSPermGen       total 47104K, used 25617K [0x00000000bae00000, 0x00000000bdc00000, 0x00000000c0000000)
  object space 47104K, 54% used [0x00000000bae00000,0x00000000bc704748,0x00000000bdc00000)
Event: 72.015 GC heap after
Heap after GC invocations=25 (full 6):
 PSYoungGen      total 202752K, used 2954K [0x00000000eaa80000, 0x00000000f7800000, 0x0000000100000000)
  eden space 195072K, 0% used [0x00000000eaa80000,0x00000000eaa80000,0x00000000f6900000)
  from space 7680K, 38% used [0x00000000f6900000,0x00000000f6be2808,0x00000000f7080000)
  to   space 3584K, 0% used [0x00000000f7480000,0x00000000f7480000,0x00000000f7800000)
 ParOldGen       total 231936K, used 209377K [0x00000000c0000000, 0x00000000ce280000, 0x00000000eaa80000)
  object space 231936K, 90% used [0x00000000c0000000,0x00000000ccc785e0,0x00000000ce280000)
 PSPermGen       total 47104K, used 25617K [0x00000000bae00000, 0x00000000bdc00000, 0x00000000c0000000)
  object space 47104K, 54% used [0x00000000bae00000,0x00000000bc704748,0x00000000bdc00000)
}
Event: 72.015 GC heap before
{Heap before GC invocations=26 (full 7):
 PSYoungGen      total 202752K, used 2954K [0x00000000eaa80000, 0x00000000f7800000, 0x0000000100000000)
  eden space 195072K, 0% used [0x00000000eaa80000,0x00000000eaa80000,0x00000000f6900000)
  from space 7680K, 38% used [0x00000000f6900000,0x00000000f6be2808,0x00000000f7080000)
  to   space 3584K, 0% used [0x00000000f7480000,0x00000000f7480000,0x00000000f7800000)
 ParOldGen       total 231936K, used 209377K [0x00000000c0000000, 0x00000000ce280000, 0x00000000eaa80000)
  object space 231936K, 90% used [0x00000000c0000000,0x00000000ccc785e0,0x00000000ce280000)
 PSPermGen       total 47104K, used 25617K [0x00000000bae00000, 0x00000000bdc00000, 0x00000000c0000000)
  object space 47104K, 54% used [0x00000000bae00000,0x00000000bc704748,0x00000000bdc00000)
Event: 72.106 GC heap after
Heap after GC invocations=26 (full 7):
 PSYoungGen      total 202752K, used 0K [0x00000000eaa80000, 0x00000000f7800000, 0x0000000100000000)
  eden space 195072K, 0% used [0x00000000eaa80000,0x00000000eaa80000,0x00000000f6900000)
  from space 7680K, 0% used [0x00000000f6900000,0x00000000f6900000,0x00000000f7080000)
  to   space 3584K, 0% used [0x00000000f7480000,0x00000000f7480000,0x00000000f7800000)
 ParOldGen       total 255488K, used 62413K [0x00000000c0000000, 0x00000000cf980000, 0x00000000eaa80000)
  object space 255488K, 24% used [0x00000000c0000000,0x00000000c3cf36f0,0x00000000cf980000)
 PSPermGen       total 44544K, used 25616K [0x00000000bae00000, 0x00000000bd980000, 0x00000000c0000000)
  object space 44544K, 57% used [0x00000000bae00000,0x00000000bc704188,0x00000000bd980000)
}

