<?xml version="1.0" encoding="UTF-8"?>
<!-- Generated by org.testng.reporters.JUnitXMLReporter -->
<testsuite hostname="VAPW10000000181" name="Default test" tests="5" failures="0" timestamp="30 Dec 2016 06:16:24 GMT" time="88.098" errors="0">
  <testcase name="test1" time="29.339" classname="com.phoenix.edu.SeleniumGridTest"/>
  <testcase name="test1" time="14.629" classname="com.phoenix.edu.SeleniumGridTest"/>
  <testcase name="test1" time="16.322" classname="com.phoenix.edu.SeleniumGridTest"/>
  <testcase name="test1" time="10.399" classname="com.phoenix.edu.SeleniumGridTest"/>
  <testcase name="test1" time="15.919" classname="com.phoenix.edu.SeleniumGridTest"/>
</testsuite> <!-- Default test -->
