<?xml version="1.0" encoding="UTF-8"?>
<!-- Generated by org.testng.reporters.JUnitXMLReporter -->
<testsuite hostname="VAPW10000000181" name="App Center Sanity" tests="5" failures="0" timestamp="30 Dec 2016 06:51:53 GMT" time="41.778" errors="0">
  <testcase name="test1" time="14.569" classname="com.phoenix.edu.SeleniumGridTest"/>
  <testcase name="test1" time="24.349" classname="com.phoenix.edu.SeleniumGridTest"/>
  <testcase name="test1" time="10.217" classname="com.phoenix.edu.SeleniumGridTest"/>
  <testcase name="test1" time="25.573" classname="com.phoenix.edu.SeleniumGridTest"/>
  <testcase name="test1" time="16.8" classname="com.phoenix.edu.SeleniumGridTest"/>
</testsuite> <!-- App Center Sanity -->
